Determining if the pthread_create exist failed with the following output:
Change Dir: /home/nvidia/Desktop/releases/alpha0.01/realsense/build/CMakeFiles/CMakeTmp

Run Build Command:"/usr/bin/make" "cmTC_c490c/fast"
/usr/bin/make -f CMakeFiles/cmTC_c490c.dir/build.make CMakeFiles/cmTC_c490c.dir/build
make[1]: Entering directory '/home/nvidia/Desktop/releases/alpha0.01/realsense/build/CMakeFiles/CMakeTmp'
Building C object CMakeFiles/cmTC_c490c.dir/CheckSymbolExists.c.o
/usr/bin/cc     -o CMakeFiles/cmTC_c490c.dir/CheckSymbolExists.c.o   -c /home/nvidia/Desktop/releases/alpha0.01/realsense/build/CMakeFiles/CMakeTmp/CheckSymbolExists.c
Linking C executable cmTC_c490c
/usr/bin/cmake -E cmake_link_script CMakeFiles/cmTC_c490c.dir/link.txt --verbose=1
/usr/bin/cc       CMakeFiles/cmTC_c490c.dir/CheckSymbolExists.c.o  -o cmTC_c490c -rdynamic 
CMakeFiles/cmTC_c490c.dir/CheckSymbolExists.c.o: In function `main':
CheckSymbolExists.c:(.text+0x14): undefined reference to `pthread_create'
CheckSymbolExists.c:(.text+0x18): undefined reference to `pthread_create'
collect2: error: ld returned 1 exit status
CMakeFiles/cmTC_c490c.dir/build.make:97: recipe for target 'cmTC_c490c' failed
make[1]: *** [cmTC_c490c] Error 1
make[1]: Leaving directory '/home/nvidia/Desktop/releases/alpha0.01/realsense/build/CMakeFiles/CMakeTmp'
Makefile:126: recipe for target 'cmTC_c490c/fast' failed
make: *** [cmTC_c490c/fast] Error 2

File /home/nvidia/Desktop/releases/alpha0.01/realsense/build/CMakeFiles/CMakeTmp/CheckSymbolExists.c:
/* */
#include <pthread.h>

int main(int argc, char** argv)
{
  (void)argv;
#ifndef pthread_create
  return ((int*)(&pthread_create))[argc];
#else
  (void)argc;
  return 0;
#endif
}

Determining if the function pthread_create exists in the pthreads failed with the following output:
Change Dir: /home/nvidia/Desktop/releases/alpha0.01/realsense/build/CMakeFiles/CMakeTmp

Run Build Command:"/usr/bin/make" "cmTC_e1a4a/fast"
/usr/bin/make -f CMakeFiles/cmTC_e1a4a.dir/build.make CMakeFiles/cmTC_e1a4a.dir/build
make[1]: Entering directory '/home/nvidia/Desktop/releases/alpha0.01/realsense/build/CMakeFiles/CMakeTmp'
Building C object CMakeFiles/cmTC_e1a4a.dir/CheckFunctionExists.c.o
/usr/bin/cc    -DCHECK_FUNCTION_EXISTS=pthread_create   -o CMakeFiles/cmTC_e1a4a.dir/CheckFunctionExists.c.o   -c /usr/share/cmake-3.5/Modules/CheckFunctionExists.c
Linking C executable cmTC_e1a4a
/usr/bin/cmake -E cmake_link_script CMakeFiles/cmTC_e1a4a.dir/link.txt --verbose=1
/usr/bin/cc   -DCHECK_FUNCTION_EXISTS=pthread_create    CMakeFiles/cmTC_e1a4a.dir/CheckFunctionExists.c.o  -o cmTC_e1a4a -rdynamic -lpthreads 
/usr/bin/ld: cannot find -lpthreads
collect2: error: ld returned 1 exit status
CMakeFiles/cmTC_e1a4a.dir/build.make:97: recipe for target 'cmTC_e1a4a' failed
make[1]: *** [cmTC_e1a4a] Error 1
make[1]: Leaving directory '/home/nvidia/Desktop/releases/alpha0.01/realsense/build/CMakeFiles/CMakeTmp'
Makefile:126: recipe for target 'cmTC_e1a4a/fast' failed
make: *** [cmTC_e1a4a/fast] Error 2


